<?xml version="1.0" encoding="UTF-8"?>
<!-- Generated by org.testng.reporters.JUnitReportReporter -->
<testsuite hostname="C02HF4FMQ6L5" failures="0" tests="1" name="methodTesting.ClassTest2" time="33.932" errors="0" timestamp="2023-02-16T15:09:37 IST" skipped="0">
  <testcase classname="methodTesting.ClassTest2" name="testOne" time="33.932"/>
  <system-out/>
</testsuite> <!-- methodTesting.ClassTest2 -->
