<?xml version="1.0" encoding="UTF-8"?>
<!-- Generated by org.testng.reporters.JUnitReportReporter -->
<testsuite hostname="C02HF4FMQ6L5" failures="0" tests="2" name="methodTesting.ClassTest" time="41.825" errors="0" timestamp="2023-02-19T22:42:41 IST" skipped="0">
  <testcase classname="methodTesting.ClassTest" name="printData" time="0.011"/>
  <system-out/>
  <testcase classname="methodTesting.ClassTest" name="testOne" time="41.814"/>
  <system-out/>
</testsuite> <!-- methodTesting.ClassTest -->
